This is pdfTeX, Version 3.14159265-2.6-1.40.17 (MiKTeX 2.9.6210 64-bit) (preloaded format=pdflatex 2017.2.20)  21 MAR 2017 11:15
entering extended mode
**./report2.tex
(report2.tex
LaTeX2e <2017/01/01> patch level 1
Babel <3.9r> and hyphenation patterns for 75 language(s) loaded.

("C:\Users\mikeh\AppData\Local\Programs\MiKTeX 2.9\tex\latex\koma-script\scrart
cl.cls"
Document Class: scrartcl 2017/01/03 v3.22 KOMA-Script document class (article)

("C:\Users\mikeh\AppData\Local\Programs\MiKTeX 2.9\tex\latex\koma-script\scrkba
se.sty"
Package: scrkbase 2017/01/03 v3.22 KOMA-Script package (KOMA-Script-dependent b
asics and keyval usage)

("C:\Users\mikeh\AppData\Local\Programs\MiKTeX 2.9\tex\latex\koma-script\scrbas
e.sty"
Package: scrbase 2017/01/03 v3.22 KOMA-Script package (KOMA-Script-independent 
basics and keyval usage)

("C:\Users\mikeh\AppData\Local\Programs\MiKTeX 2.9\tex\latex\graphics\keyval.st
y"
Package: keyval 2014/10/28 v1.15 key=value parser (DPC)
\KV@toks@=\toks14
)
("C:\Users\mikeh\AppData\Local\Programs\MiKTeX 2.9\tex\latex\koma-script\scrlfi
le.sty"
Package: scrlfile 2017/01/03 v3.22 KOMA-Script package (loading files)

Package scrlfile, 2017/01/03 v3.22 KOMA-Script package (loading files)
                  Copyright (C) Markus Kohm

)))
("C:\Users\mikeh\AppData\Local\Programs\MiKTeX 2.9\tex\latex\koma-script\tocbas
ic.sty"
Package: tocbasic 2017/01/03 v3.22 KOMA-Script package (handling toc-files)
\scr@dte@tocline@numberwidth=\skip41
\scr@dte@tocline@numbox=\box26
)
Package tocbasic Info: omitting babel extension for `toc'
(tocbasic)             because of feature `nobabel' available
(tocbasic)             for `toc' on input line 130.
Package tocbasic Info: omitting babel extension for `lof'
(tocbasic)             because of feature `nobabel' available
(tocbasic)             for `lof' on input line 131.
Package tocbasic Info: omitting babel extension for `lot'
(tocbasic)             because of feature `nobabel' available
(tocbasic)             for `lot' on input line 132.
Class scrartcl Info: File `scrsize11pt.clo' used to setup font sizes on input l
ine 2053.

("C:\Users\mikeh\AppData\Local\Programs\MiKTeX 2.9\tex\latex\koma-script\scrsiz
e11pt.clo"
File: scrsize11pt.clo 2017/01/03 v3.22 KOMA-Script font size class option (11pt
)
)
("C:\Users\mikeh\AppData\Local\Programs\MiKTeX 2.9\tex\latex\koma-script\typear
ea.sty"
Package: typearea 2017/01/03 v3.22 KOMA-Script package (type area)

Package typearea, 2017/01/03 v3.22 KOMA-Script package (type area)
                  Copyright (C) Frank Neukam, 1992-1994
                  Copyright (C) Markus Kohm, 1994-

\ta@bcor=\skip42
\ta@div=\count79
\ta@hblk=\skip43
\ta@vblk=\skip44
\ta@temp=\skip45
\footheight=\skip46
Package typearea Info: These are the values describing the layout:
(typearea)             DIV  = 10
(typearea)             BCOR = 0.0pt
(typearea)             \paperwidth      = 597.50793pt
(typearea)              \textwidth      = 418.25555pt
(typearea)              DIV departure   = -6%
(typearea)              \evensidemargin = 17.3562pt
(typearea)              \oddsidemargin  = 17.3562pt
(typearea)             \paperheight     = 845.04694pt
(typearea)              \textheight     = 595.80026pt
(typearea)              \topmargin      = -25.16531pt
(typearea)              \headheight     = 17.0pt
(typearea)              \headsep        = 20.40001pt
(typearea)              \topskip        = 11.0pt
(typearea)              \footskip       = 47.6pt
(typearea)              \baselineskip   = 13.6pt
(typearea)              on input line 1583.
)
\c@part=\count80
\c@section=\count81
\c@subsection=\count82
\c@subsubsection=\count83
\c@paragraph=\count84
\c@subparagraph=\count85
\scr@dte@part@maxnumwidth=\skip47
\scr@dte@section@maxnumwidth=\skip48
\scr@dte@subsection@maxnumwidth=\skip49
\scr@dte@subsubsection@maxnumwidth=\skip50
\scr@dte@paragraph@maxnumwidth=\skip51
\scr@dte@subparagraph@maxnumwidth=\skip52
LaTeX Info: Redefining \textsubscript on input line 4076.
\abovecaptionskip=\skip53
\belowcaptionskip=\skip54
\c@pti@nb@sid@b@x=\box27
\c@figure=\count86
\c@table=\count87
Class scrartcl Info: Redefining `\numberline' on input line 5125.
\bibindent=\dimen102
)
("C:\Users\mikeh\AppData\Local\Programs\MiKTeX 2.9\tex\latex\tools\multicol.sty
"
Package: multicol 2016/04/07 v1.8p multicolumn formatting (FMi)
\c@tracingmulticols=\count88
\mult@box=\box28
\multicol@leftmargin=\dimen103
\c@unbalance=\count89
\c@collectmore=\count90
\doublecol@number=\count91
\multicoltolerance=\count92
\multicolpretolerance=\count93
\full@width=\dimen104
\page@free=\dimen105
\premulticols=\dimen106
\postmulticols=\dimen107
\multicolsep=\skip55
\multicolbaselineskip=\skip56
\partial@page=\box29
\last@line=\box30
\maxbalancingoverflow=\dimen108
\mult@rightbox=\box31
\mult@grightbox=\box32
\mult@gfirstbox=\box33
\mult@firstbox=\box34
\@tempa=\box35
\@tempa=\box36
\@tempa=\box37
\@tempa=\box38
\@tempa=\box39
\@tempa=\box40
\@tempa=\box41
\@tempa=\box42
\@tempa=\box43
\@tempa=\box44
\@tempa=\box45
\@tempa=\box46
\@tempa=\box47
\@tempa=\box48
\@tempa=\box49
\@tempa=\box50
\@tempa=\box51
\c@columnbadness=\count94
\c@finalcolumnbadness=\count95
\last@try=\dimen109
\multicolovershoot=\dimen110
\multicolundershoot=\dimen111
\mult@nat@firstbox=\box52
\colbreak@box=\box53
\mc@col@check@num=\count96
) ("C:\Users\mikeh\AppData\Local\Programs\MiKTeX 2.9\tex\latex\base\fontenc.sty
"
Package: fontenc 2017/01/24 v2.0c Standard LaTeX package
 ("C:\Users\mikeh\AppData\Local\Programs\MiKTeX 2.9\tex\latex\base\t1enc.def"
File: t1enc.def 2017/01/24 v2.0c Standard LaTeX file
LaTeX Font Info:    Redeclaring font encoding T1 on input line 48.
))
("C:\Users\mikeh\AppData\Local\Programs\MiKTeX 2.9\tex\latex\fourier\fourier.st
y"
Package: fourier 2005/01/01 1.4 fourier-GUTenberg package
 ("C:\Users\mikeh\AppData\Local\Programs\MiKTeX 2.9\tex\latex\base\fontenc.sty"
Package: fontenc 2017/01/24 v2.0c Standard LaTeX package
 ("C:\Users\mikeh\AppData\Local\Programs\MiKTeX 2.9\tex\latex\base\t1enc.def"
File: t1enc.def 2017/01/24 v2.0c Standard LaTeX file
LaTeX Font Info:    Redeclaring font encoding T1 on input line 48.
))
("C:\Users\mikeh\AppData\Local\Programs\MiKTeX 2.9\tex\latex\base\textcomp.sty"
Package: textcomp 2017/01/24 v2.0c Standard LaTeX package
Package textcomp Info: Sub-encoding information:
(textcomp)               5 = only ISO-Adobe without \textcurrency
(textcomp)               4 = 5 + \texteuro
(textcomp)               3 = 4 + \textohm
(textcomp)               2 = 3 + \textestimated + \textcurrency
(textcomp)               1 = TS1 - \textcircled - \t
(textcomp)               0 = TS1 (full)
(textcomp)             Font families with sub-encoding setting implement
(textcomp)             only a restricted character set as indicated.
(textcomp)             Family '?' is the default used for unknown fonts.
(textcomp)             See the documentation for details.
Package textcomp Info: Setting ? sub-encoding to TS1/1 on input line 79.
("C:\Users\mikeh\AppData\Local\Programs\MiKTeX 2.9\tex\latex\base\ts1enc.def"
File: ts1enc.def 2001/06/05 v3.0e (jk/car/fm) Standard LaTeX file
)
LaTeX Info: Redefining \oldstylenums on input line 334.
Package textcomp Info: Setting cmr sub-encoding to TS1/0 on input line 349.
Package textcomp Info: Setting cmss sub-encoding to TS1/0 on input line 350.
Package textcomp Info: Setting cmtt sub-encoding to TS1/0 on input line 351.
Package textcomp Info: Setting cmvtt sub-encoding to TS1/0 on input line 352.
Package textcomp Info: Setting cmbr sub-encoding to TS1/0 on input line 353.
Package textcomp Info: Setting cmtl sub-encoding to TS1/0 on input line 354.
Package textcomp Info: Setting ccr sub-encoding to TS1/0 on input line 355.
Package textcomp Info: Setting ptm sub-encoding to TS1/4 on input line 356.
Package textcomp Info: Setting pcr sub-encoding to TS1/4 on input line 357.
Package textcomp Info: Setting phv sub-encoding to TS1/4 on input line 358.
Package textcomp Info: Setting ppl sub-encoding to TS1/3 on input line 359.
Package textcomp Info: Setting pag sub-encoding to TS1/4 on input line 360.
Package textcomp Info: Setting pbk sub-encoding to TS1/4 on input line 361.
Package textcomp Info: Setting pnc sub-encoding to TS1/4 on input line 362.
Package textcomp Info: Setting pzc sub-encoding to TS1/4 on input line 363.
Package textcomp Info: Setting bch sub-encoding to TS1/4 on input line 364.
Package textcomp Info: Setting put sub-encoding to TS1/5 on input line 365.
Package textcomp Info: Setting uag sub-encoding to TS1/5 on input line 366.
Package textcomp Info: Setting ugq sub-encoding to TS1/5 on input line 367.
Package textcomp Info: Setting ul8 sub-encoding to TS1/4 on input line 368.
Package textcomp Info: Setting ul9 sub-encoding to TS1/4 on input line 369.
Package textcomp Info: Setting augie sub-encoding to TS1/5 on input line 370.
Package textcomp Info: Setting dayrom sub-encoding to TS1/3 on input line 371.
Package textcomp Info: Setting dayroms sub-encoding to TS1/3 on input line 372.

Package textcomp Info: Setting pxr sub-encoding to TS1/0 on input line 373.
Package textcomp Info: Setting pxss sub-encoding to TS1/0 on input line 374.
Package textcomp Info: Setting pxtt sub-encoding to TS1/0 on input line 375.
Package textcomp Info: Setting txr sub-encoding to TS1/0 on input line 376.
Package textcomp Info: Setting txss sub-encoding to TS1/0 on input line 377.
Package textcomp Info: Setting txtt sub-encoding to TS1/0 on input line 378.
Package textcomp Info: Setting lmr sub-encoding to TS1/0 on input line 379.
Package textcomp Info: Setting lmdh sub-encoding to TS1/0 on input line 380.
Package textcomp Info: Setting lmss sub-encoding to TS1/0 on input line 381.
Package textcomp Info: Setting lmssq sub-encoding to TS1/0 on input line 382.
Package textcomp Info: Setting lmvtt sub-encoding to TS1/0 on input line 383.
Package textcomp Info: Setting lmtt sub-encoding to TS1/0 on input line 384.
Package textcomp Info: Setting qhv sub-encoding to TS1/0 on input line 385.
Package textcomp Info: Setting qag sub-encoding to TS1/0 on input line 386.
Package textcomp Info: Setting qbk sub-encoding to TS1/0 on input line 387.
Package textcomp Info: Setting qcr sub-encoding to TS1/0 on input line 388.
Package textcomp Info: Setting qcs sub-encoding to TS1/0 on input line 389.
Package textcomp Info: Setting qpl sub-encoding to TS1/0 on input line 390.
Package textcomp Info: Setting qtm sub-encoding to TS1/0 on input line 391.
Package textcomp Info: Setting qzc sub-encoding to TS1/0 on input line 392.
Package textcomp Info: Setting qhvc sub-encoding to TS1/0 on input line 393.
Package textcomp Info: Setting futs sub-encoding to TS1/4 on input line 394.
Package textcomp Info: Setting futx sub-encoding to TS1/4 on input line 395.
Package textcomp Info: Setting futj sub-encoding to TS1/4 on input line 396.
Package textcomp Info: Setting hlh sub-encoding to TS1/3 on input line 397.
Package textcomp Info: Setting hls sub-encoding to TS1/3 on input line 398.
Package textcomp Info: Setting hlst sub-encoding to TS1/3 on input line 399.
Package textcomp Info: Setting hlct sub-encoding to TS1/5 on input line 400.
Package textcomp Info: Setting hlx sub-encoding to TS1/5 on input line 401.
Package textcomp Info: Setting hlce sub-encoding to TS1/5 on input line 402.
Package textcomp Info: Setting hlcn sub-encoding to TS1/5 on input line 403.
Package textcomp Info: Setting hlcw sub-encoding to TS1/5 on input line 404.
Package textcomp Info: Setting hlcf sub-encoding to TS1/5 on input line 405.
Package textcomp Info: Setting pplx sub-encoding to TS1/3 on input line 406.
Package textcomp Info: Setting pplj sub-encoding to TS1/3 on input line 407.
Package textcomp Info: Setting ptmx sub-encoding to TS1/4 on input line 408.
Package textcomp Info: Setting ptmj sub-encoding to TS1/4 on input line 409.
)
("C:\Users\mikeh\AppData\Local\Programs\MiKTeX 2.9\tex\latex\fourier\fourier-or
ns.sty"
Package: fourier-orns 2004/01/30 1.1 fourier-ornaments package
)
LaTeX Font Info:    Redeclaring symbol font `operators' on input line 50.
LaTeX Font Info:    Encoding `OT1' has changed to `T1' for symbol font
(Font)              `operators' in the math version `normal' on input line 50.
LaTeX Font Info:    Overwriting symbol font `operators' in version `normal'
(Font)                  OT1/cmr/m/n --> T1/futs/m/n on input line 50.
LaTeX Font Info:    Encoding `OT1' has changed to `T1' for symbol font
(Font)              `operators' in the math version `bold' on input line 50.
LaTeX Font Info:    Overwriting symbol font `operators' in version `bold'
(Font)                  OT1/cmr/bx/n --> T1/futs/m/n on input line 50.
LaTeX Font Info:    Overwriting symbol font `operators' in version `bold'
(Font)                  T1/futs/m/n --> T1/futs/b/n on input line 51.
LaTeX Font Info:    Redeclaring symbol font `letters' on input line 59.
LaTeX Font Info:    Encoding `OML' has changed to `FML' for symbol font
(Font)              `letters' in the math version `normal' on input line 59.
LaTeX Font Info:    Overwriting symbol font `letters' in version `normal'
(Font)                  OML/cmm/m/it --> FML/futmi/m/it on input line 59.
LaTeX Font Info:    Encoding `OML' has changed to `FML' for symbol font
(Font)              `letters' in the math version `bold' on input line 59.
LaTeX Font Info:    Overwriting symbol font `letters' in version `bold'
(Font)                  OML/cmm/b/it --> FML/futmi/m/it on input line 59.
\symotherletters=\mathgroup4
LaTeX Font Info:    Overwriting symbol font `letters' in version `bold'
(Font)                  FML/futmi/m/it --> FML/futmi/b/it on input line 61.
LaTeX Font Info:    Overwriting symbol font `otherletters' in version `bold'
(Font)                  FML/futm/m/it --> FML/futm/b/it on input line 62.
LaTeX Font Info:    Redeclaring math symbol \Gamma on input line 63.
LaTeX Font Info:    Redeclaring math symbol \Delta on input line 64.
LaTeX Font Info:    Redeclaring math symbol \Theta on input line 65.
LaTeX Font Info:    Redeclaring math symbol \Lambda on input line 66.
LaTeX Font Info:    Redeclaring math symbol \Xi on input line 67.
LaTeX Font Info:    Redeclaring math symbol \Pi on input line 68.
LaTeX Font Info:    Redeclaring math symbol \Sigma on input line 69.
LaTeX Font Info:    Redeclaring math symbol \Upsilon on input line 70.
LaTeX Font Info:    Redeclaring math symbol \Phi on input line 71.
LaTeX Font Info:    Redeclaring math symbol \Psi on input line 72.
LaTeX Font Info:    Redeclaring math symbol \Omega on input line 73.
LaTeX Font Info:    Redeclaring symbol font `symbols' on input line 113.
LaTeX Font Info:    Encoding `OMS' has changed to `FMS' for symbol font
(Font)              `symbols' in the math version `normal' on input line 113.
LaTeX Font Info:    Overwriting symbol font `symbols' in version `normal'
(Font)                  OMS/cmsy/m/n --> FMS/futm/m/n on input line 113.
LaTeX Font Info:    Encoding `OMS' has changed to `FMS' for symbol font
(Font)              `symbols' in the math version `bold' on input line 113.
LaTeX Font Info:    Overwriting symbol font `symbols' in version `bold'
(Font)                  OMS/cmsy/b/n --> FMS/futm/m/n on input line 113.
LaTeX Font Info:    Redeclaring symbol font `largesymbols' on input line 114.
LaTeX Font Info:    Encoding `OMX' has changed to `FMX' for symbol font
(Font)              `largesymbols' in the math version `normal' on input line 1
14.
LaTeX Font Info:    Overwriting symbol font `largesymbols' in version `normal'
(Font)                  OMX/cmex/m/n --> FMX/futm/m/n on input line 114.
LaTeX Font Info:    Encoding `OMX' has changed to `FMX' for symbol font
(Font)              `largesymbols' in the math version `bold' on input line 114
.
LaTeX Font Info:    Overwriting symbol font `largesymbols' in version `bold'
(Font)                  OMX/cmex/m/n --> FMX/futm/m/n on input line 114.
LaTeX Font Info:    Redeclaring math alphabet \mathbf on input line 115.
LaTeX Font Info:    Overwriting math alphabet `\mathbf' in version `normal'
(Font)                  OT1/cmr/bx/n --> T1/futs/bx/n on input line 115.
LaTeX Font Info:    Overwriting math alphabet `\mathbf' in version `bold'
(Font)                  OT1/cmr/bx/n --> T1/futs/bx/n on input line 115.
LaTeX Font Info:    Redeclaring math alphabet \mathrm on input line 116.
LaTeX Font Info:    Redeclaring math alphabet \mathit on input line 117.
LaTeX Font Info:    Overwriting math alphabet `\mathit' in version `normal'
(Font)                  OT1/cmr/m/it --> T1/futs/m/it on input line 117.
LaTeX Font Info:    Overwriting math alphabet `\mathit' in version `bold'
(Font)                  OT1/cmr/bx/it --> T1/futs/m/it on input line 117.
LaTeX Font Info:    Redeclaring math alphabet \mathcal on input line 118.
LaTeX Font Info:    Redeclaring math symbol \parallel on input line 134.
LaTeX Font Info:    Redeclaring math symbol \hbar on input line 148.
LaTeX Font Info:    Redeclaring math symbol \varkappa on input line 186.
LaTeX Font Info:    Redeclaring math symbol \varvarrho on input line 187.
LaTeX Font Info:    Redeclaring math delimiter \Vert on input line 210.
LaTeX Font Info:    Redeclaring math delimiter \vert on input line 215.
LaTeX Font Info:    Redeclaring math delimiter \Downarrow on input line 225.
LaTeX Font Info:    Redeclaring math delimiter \backslash on input line 227.
LaTeX Font Info:    Redeclaring math delimiter \rangle on input line 229.
LaTeX Font Info:    Redeclaring math delimiter \langle on input line 231.
LaTeX Font Info:    Redeclaring math delimiter \rbrace on input line 233.
LaTeX Font Info:    Redeclaring math delimiter \lbrace on input line 235.
LaTeX Font Info:    Redeclaring math delimiter \rceil on input line 237.
LaTeX Font Info:    Redeclaring math delimiter \lceil on input line 239.
LaTeX Font Info:    Redeclaring math delimiter \rfloor on input line 241.
LaTeX Font Info:    Redeclaring math delimiter \lfloor on input line 243.
LaTeX Font Info:    Redeclaring math accent \acute on input line 247.
LaTeX Font Info:    Redeclaring math accent \grave on input line 248.
LaTeX Font Info:    Redeclaring math accent \ddot on input line 249.
LaTeX Font Info:    Redeclaring math accent \tilde on input line 250.
LaTeX Font Info:    Redeclaring math accent \bar on input line 251.
LaTeX Font Info:    Redeclaring math accent \breve on input line 252.
LaTeX Font Info:    Redeclaring math accent \check on input line 253.
LaTeX Font Info:    Redeclaring math accent \hat on input line 254.
LaTeX Font Info:    Redeclaring math accent \dot on input line 255.
LaTeX Font Info:    Redeclaring math accent \mathring on input line 256.
\symUfutm=\mathgroup5
)
("C:\Users\mikeh\AppData\Local\Programs\MiKTeX 2.9\tex\generic\babel\babel.sty"
Package: babel 2016/04/23 3.9r The Babel package
*************************************
* Local config file bblopts.cfg used
*
("C:\Users\mikeh\AppData\Local\Programs\MiKTeX 2.9\tex\latex\arabi\bblopts.cfg"
File: bblopts.cfg 2005/09/08 v0.1 add Arabic and Farsi to "declared" options of
 babel
)
("C:\Users\mikeh\AppData\Local\Programs\MiKTeX 2.9\tex\latex\babel-english\engl
ish.ldf"
Language: english 2017/01/24 v3.3q English support from the babel system

("C:\Users\mikeh\AppData\Local\Programs\MiKTeX 2.9\tex\generic\babel\babel.def"
File: babel.def 2016/04/23 3.9r Babel common definitions
\babel@savecnt=\count97
\U@D=\dimen112
)
\l@canadian = a dialect from \language\l@american 
\l@australian = a dialect from \language\l@british 
\l@newzealand = a dialect from \language\l@british 
))
("C:\Users\mikeh\AppData\Local\Programs\MiKTeX 2.9\tex\latex\amsmath\amsmath.st
y"
Package: amsmath 2016/11/05 v2.16a AMS math features
\@mathmargin=\skip57

For additional information on amsmath, use the `?' option.

("C:\Users\mikeh\AppData\Local\Programs\MiKTeX 2.9\tex\latex\amsmath\amstext.st
y"
Package: amstext 2000/06/29 v2.01 AMS text

("C:\Users\mikeh\AppData\Local\Programs\MiKTeX 2.9\tex\latex\amsmath\amsgen.sty
"
File: amsgen.sty 1999/11/30 v2.0 generic functions
\@emptytoks=\toks15
\ex@=\dimen113
))
("C:\Users\mikeh\AppData\Local\Programs\MiKTeX 2.9\tex\latex\amsmath\amsbsy.sty
"
Package: amsbsy 1999/11/29 v1.2d Bold Symbols
\pmbraise@=\dimen114
)
("C:\Users\mikeh\AppData\Local\Programs\MiKTeX 2.9\tex\latex\amsmath\amsopn.sty
"
Package: amsopn 2016/03/08 v2.02 operator names
)
\inf@bad=\count98
LaTeX Info: Redefining \frac on input line 213.
\uproot@=\count99
\leftroot@=\count100
LaTeX Info: Redefining \overline on input line 375.
\classnum@=\count101
\DOTSCASE@=\count102
LaTeX Info: Redefining \ldots on input line 472.
LaTeX Info: Redefining \dots on input line 475.
LaTeX Info: Redefining \cdots on input line 596.
\Mathstrutbox@=\box54
\strutbox@=\box55
\big@size=\dimen115
LaTeX Font Info:    Redeclaring font encoding OML on input line 712.
LaTeX Font Info:    Redeclaring font encoding OMS on input line 713.
\macc@depth=\count103
\c@MaxMatrixCols=\count104
\dotsspace@=\muskip10
\c@parentequation=\count105
\dspbrk@lvl=\count106
\tag@help=\toks16
\row@=\count107
\column@=\count108
\maxfields@=\count109
\andhelp@=\toks17
\eqnshift@=\dimen116
\alignsep@=\dimen117
\tagshift@=\dimen118
\tagwidth@=\dimen119
\totwidth@=\dimen120
\lineht@=\dimen121
\@envbody=\toks18
\multlinegap=\skip58
\multlinetaggap=\skip59
\mathdisplay@stack=\toks19
LaTeX Info: Redefining \[ on input line 2817.
LaTeX Info: Redefining \] on input line 2818.
)
("C:\Users\mikeh\AppData\Local\Programs\MiKTeX 2.9\tex\latex\amsfonts\amsfonts.
sty"
Package: amsfonts 2013/01/14 v3.01 Basic AMSFonts support
\symAMSa=\mathgroup6
\symAMSb=\mathgroup7
LaTeX Font Info:    Overwriting math alphabet `\mathfrak' in version `bold'
(Font)                  U/euf/m/n --> U/euf/b/n on input line 106.
LaTeX Font Info:    Redeclaring math symbol \square on input line 141.
)
("C:\Users\mikeh\AppData\Local\Programs\MiKTeX 2.9\tex\latex\amscls\amsthm.sty"
Package: amsthm 2015/03/04 v2.20.2
\thm@style=\toks20
\thm@bodyfont=\toks21
\thm@headfont=\toks22
\thm@notefont=\toks23
\thm@headpunct=\toks24
\thm@preskip=\skip60
\thm@postskip=\skip61
\thm@headsep=\skip62
\dth@everypar=\toks25
)
("C:\Users\mikeh\AppData\Local\Programs\MiKTeX 2.9\tex\latex\listings\listings.
sty"
\lst@mode=\count110
\lst@gtempboxa=\box56
\lst@token=\toks26
\lst@length=\count111
\lst@currlwidth=\dimen122
\lst@column=\count112
\lst@pos=\count113
\lst@lostspace=\dimen123
\lst@width=\dimen124
\lst@newlines=\count114
\lst@lineno=\count115
\lst@maxwidth=\dimen125

("C:\Users\mikeh\AppData\Local\Programs\MiKTeX 2.9\tex\latex\listings\lstmisc.s
ty"
File: lstmisc.sty 2015/06/04 1.6 (Carsten Heinz)
\c@lstnumber=\count116
\lst@skipnumbers=\count117
\lst@framebox=\box57
)
("C:\Users\mikeh\AppData\Local\Programs\MiKTeX 2.9\tex\latex\listings\listings.
cfg"
File: listings.cfg 2015/06/04 1.6 listings configuration
))
Package: listings 2015/06/04 1.6 (Carsten Heinz)

("C:\Users\mikeh\AppData\Local\Programs\MiKTeX 2.9\tex\latex\lipsum\lipsum.sty"
Package: lipsum 2014/07/27 v1.3 150 paragraphs of Lorem Ipsum dummy text
\c@lips@count=\count118
)
("C:\Users\mikeh\AppData\Local\Programs\MiKTeX 2.9\tex\latex\graphics\graphicx.
sty"
Package: graphicx 2014/10/28 v1.0g Enhanced LaTeX Graphics (DPC,SPQR)

("C:\Users\mikeh\AppData\Local\Programs\MiKTeX 2.9\tex\latex\graphics\graphics.
sty"
Package: graphics 2016/10/09 v1.0u Standard LaTeX Graphics (DPC,SPQR)

("C:\Users\mikeh\AppData\Local\Programs\MiKTeX 2.9\tex\latex\graphics\trig.sty"
Package: trig 2016/01/03 v1.10 sin cos tan (DPC)
)
("C:\Users\mikeh\AppData\Local\Programs\MiKTeX 2.9\tex\latex\graphics-cfg\graph
ics.cfg"
File: graphics.cfg 2016/06/04 v1.11 sample graphics configuration
)
Package graphics Info: Driver file: pdftex.def on input line 99.

("C:\Users\mikeh\AppData\Local\Programs\MiKTeX 2.9\tex\latex\graphics-def\pdfte
x.def"
File: pdftex.def 2017/01/12 v0.06k Graphics/color for pdfTeX

("C:\Users\mikeh\AppData\Local\Programs\MiKTeX 2.9\tex\generic\oberdiek\infware
rr.sty"
Package: infwarerr 2016/05/16 v1.4 Providing info/warning/error messages (HO)
)
("C:\Users\mikeh\AppData\Local\Programs\MiKTeX 2.9\tex\generic\oberdiek\ltxcmds
.sty"
Package: ltxcmds 2016/05/16 v1.23 LaTeX kernel commands for general use (HO)
)
\Gread@gobject=\count119
))
\Gin@req@height=\dimen126
\Gin@req@width=\dimen127
)
("C:\Users\mikeh\AppData\Local\Programs\MiKTeX 2.9\tex\latex\subfig\subfig.sty"
Package: subfig 2005/06/28 ver: 1.3 subfig package

("C:\Users\mikeh\AppData\Local\Programs\MiKTeX 2.9\tex\latex\caption\caption.st
y"
Package: caption 2016/02/21 v3.3-144 Customizing captions (AR)

("C:\Users\mikeh\AppData\Local\Programs\MiKTeX 2.9\tex\latex\caption\caption3.s
ty"
Package: caption3 2016/05/22 v1.7-166 caption3 kernel (AR)
Package caption3 Info: TeX engine: e-TeX on input line 67.
\captionmargin=\dimen128
\captionmargin@=\dimen129
\captionwidth=\dimen130
\caption@tempdima=\dimen131
\caption@indent=\dimen132
\caption@parindent=\dimen133
\caption@hangindent=\dimen134
)
Package caption Info: KOMA-Script document class.
\c@ContinuedFloat=\count120
Package caption Info: listings package is loaded.
)
\c@KVtest=\count121
\sf@farskip=\skip63
\sf@captopadj=\dimen135
\sf@capskip=\skip64
\sf@nearskip=\skip65
\c@subfigure=\count122
\c@subfigure@save=\count123
\c@lofdepth=\count124
\c@subtable=\count125
\c@subtable@save=\count126
\c@lotdepth=\count127
\sf@top=\skip66
\sf@bottom=\skip67
)
("C:\Users\mikeh\AppData\Local\Programs\MiKTeX 2.9\tex\latex\sectsty\sectsty.st
y"
Package: sectsty 2002/02/25 v2.0.2 Commands to change all sectional heading sty
les
)

Class scrartcl Warning: Usage of package `fancyhdr' together
(scrartcl)              with a KOMA-Script class is not recommended.
(scrartcl)              I'd suggest to use 
(scrartcl)              package `scrlayer-scrpage'.
(scrartcl)              Nevertheless, using requested
(scrartcl)              package `fancyhdr' on input line 20.


("C:\Users\mikeh\AppData\Local\Programs\MiKTeX 2.9\tex\latex\fancyhdr\fancyhdr.
sty"
Package: fancyhdr 2016/09/06 3.8 Extensive control of page headers and footers
\fancy@headwidth=\skip68
\f@ncyO@elh=\skip69
\f@ncyO@erh=\skip70
\f@ncyO@olh=\skip71
\f@ncyO@orh=\skip72
\f@ncyO@elf=\skip73
\f@ncyO@erf=\skip74
\f@ncyO@olf=\skip75
\f@ncyO@orf=\skip76
) (report2.aux

LaTeX Warning: Label `fig:pre' multiply defined.


LaTeX Warning: Label `sub@fig:pre' multiply defined.


LaTeX Warning: Label `fig:post' multiply defined.


LaTeX Warning: Label `sub@fig:post' multiply defined.


LaTeX Warning: Label `fig:pre' multiply defined.


LaTeX Warning: Label `sub@fig:pre' multiply defined.


LaTeX Warning: Label `fig:post' multiply defined.


LaTeX Warning: Label `sub@fig:post' multiply defined.


LaTeX Warning: Label `fig:post' multiply defined.


LaTeX Warning: Label `sub@fig:post' multiply defined.


LaTeX Warning: Label `fig:post' multiply defined.


LaTeX Warning: Label `sub@fig:post' multiply defined.


LaTeX Warning: Label `fig:post' multiply defined.


LaTeX Warning: Label `sub@fig:post' multiply defined.


LaTeX Warning: Label `fig:post' multiply defined.


LaTeX Warning: Label `sub@fig:post' multiply defined.


LaTeX Warning: Label `fig:post' multiply defined.


LaTeX Warning: Label `sub@fig:post' multiply defined.


LaTeX Warning: Label `fig:post' multiply defined.


LaTeX Warning: Label `sub@fig:post' multiply defined.


LaTeX Warning: Label `fig:ciph' multiply defined.


LaTeX Warning: Label `fig:pre' multiply defined.


LaTeX Warning: Label `sub@fig:pre' multiply defined.


LaTeX Warning: Label `fig:post' multiply defined.


LaTeX Warning: Label `sub@fig:post' multiply defined.


LaTeX Warning: Label `fig:post' multiply defined.


LaTeX Warning: Label `sub@fig:post' multiply defined.


LaTeX Warning: Label `fig:post' multiply defined.


LaTeX Warning: Label `sub@fig:post' multiply defined.


LaTeX Warning: Label `fig:hist' multiply defined.


LaTeX Warning: Label `fig:post' multiply defined.


LaTeX Warning: Label `sub@fig:post' multiply defined.


LaTeX Warning: Label `fig:post' multiply defined.


LaTeX Warning: Label `sub@fig:post' multiply defined.


LaTeX Warning: Label `fig:post' multiply defined.


LaTeX Warning: Label `sub@fig:post' multiply defined.


LaTeX Warning: Label `fig:post' multiply defined.


LaTeX Warning: Label `sub@fig:post' multiply defined.


LaTeX Warning: Label `fig:pre' multiply defined.


LaTeX Warning: Label `sub@fig:pre' multiply defined.


LaTeX Warning: Label `fig:post' multiply defined.


LaTeX Warning: Label `sub@fig:post' multiply defined.


LaTeX Warning: Label `fig:hist' multiply defined.


LaTeX Warning: Label `fig:pre' multiply defined.


LaTeX Warning: Label `sub@fig:pre' multiply defined.


LaTeX Warning: Label `fig:pre' multiply defined.


LaTeX Warning: Label `sub@fig:pre' multiply defined.


LaTeX Warning: Label `fig:pre' multiply defined.


LaTeX Warning: Label `sub@fig:pre' multiply defined.


LaTeX Warning: Label `fig:pre' multiply defined.


LaTeX Warning: Label `sub@fig:pre' multiply defined.


LaTeX Warning: Label `fig:pre' multiply defined.


LaTeX Warning: Label `sub@fig:pre' multiply defined.


LaTeX Warning: Label `fig:pre' multiply defined.


LaTeX Warning: Label `sub@fig:pre' multiply defined.

)
\openout1 = `report2.aux'.

LaTeX Font Info:    Checking defaults for OML/cmm/m/it on input line 54.
LaTeX Font Info:    ... okay on input line 54.
LaTeX Font Info:    Checking defaults for T1/cmr/m/n on input line 54.
LaTeX Font Info:    ... okay on input line 54.
LaTeX Font Info:    Checking defaults for OT1/cmr/m/n on input line 54.
LaTeX Font Info:    ... okay on input line 54.
LaTeX Font Info:    Checking defaults for OMS/cmsy/m/n on input line 54.
LaTeX Font Info:    ... okay on input line 54.
LaTeX Font Info:    Checking defaults for OMX/cmex/m/n on input line 54.
LaTeX Font Info:    ... okay on input line 54.
LaTeX Font Info:    Checking defaults for U/cmr/m/n on input line 54.
LaTeX Font Info:    ... okay on input line 54.
LaTeX Font Info:    Checking defaults for FML/futm/m/it on input line 54.
LaTeX Font Info:    Try loading font information for FML+futm on input line 54.


("C:\Users\mikeh\AppData\Local\Programs\MiKTeX 2.9\tex\latex\fourier\fmlfutm.fd
"
File: fmlfutm.fd 2004/10/30 Fontinst v1.926 font definitions for FML/futm.
)
LaTeX Font Info:    ... okay on input line 54.
LaTeX Font Info:    Checking defaults for FMS/futm/m/n on input line 54.
LaTeX Font Info:    Try loading font information for FMS+futm on input line 54.


("C:\Users\mikeh\AppData\Local\Programs\MiKTeX 2.9\tex\latex\fourier\fmsfutm.fd
"
File: fmsfutm.fd 2004/10/30 Fontinst v1.926 font definitions for FMS/futm.
)
LaTeX Font Info:    ... okay on input line 54.
LaTeX Font Info:    Checking defaults for FMX/futm/m/n on input line 54.
LaTeX Font Info:    Try loading font information for FMX+futm on input line 54.


("C:\Users\mikeh\AppData\Local\Programs\MiKTeX 2.9\tex\latex\fourier\fmxfutm.fd
"
File: fmxfutm.fd futm-extension
)
LaTeX Font Info:    ... okay on input line 54.
LaTeX Font Info:    Checking defaults for TS1/cmr/m/n on input line 54.
LaTeX Font Info:    Try loading font information for TS1+cmr on input line 54.
 ("C:\Users\mikeh\AppData\Local\Programs\MiKTeX 2.9\tex\latex\base\ts1cmr.fd"
File: ts1cmr.fd 2014/09/29 v2.5h Standard LaTeX font definitions
)
LaTeX Font Info:    ... okay on input line 54.
LaTeX Font Info:    Try loading font information for T1+futs on input line 54.
 ("C:\Users\mikeh\AppData\Local\Programs\MiKTeX 2.9\tex\latex\fourier\t1futs.fd
"
File: t1futs.fd 2004/03/02 Fontinst v1.926 font definitions for T1/futs.
)
\c@lstlisting=\count128

("C:\Users\mikeh\AppData\Local\Programs\MiKTeX 2.9\tex\context\base\supp-pdf.mk
ii"
[Loading MPS to PDF converter (version 2006.09.02).]
\scratchcounter=\count129
\scratchdimen=\dimen136
\scratchbox=\box58
\nofMPsegments=\count130
\nofMParguments=\count131
\everyMPshowfont=\toks27
\MPscratchCnt=\count132
\MPscratchDim=\dimen137
\MPnumerator=\count133
\makeMPintoPDFobject=\count134
\everyMPtoPDFconversion=\toks28
)
("C:\Users\mikeh\AppData\Local\Programs\MiKTeX 2.9\tex\generic\oberdiek\pdftexc
mds.sty"
Package: pdftexcmds 2016/05/21 v0.22 Utility functions of pdfTeX for LuaTeX (HO
)

("C:\Users\mikeh\AppData\Local\Programs\MiKTeX 2.9\tex\generic\oberdiek\ifluate
x.sty"
Package: ifluatex 2016/05/16 v1.4 Provides the ifluatex switch (HO)
Package ifluatex Info: LuaTeX not detected.
)
("C:\Users\mikeh\AppData\Local\Programs\MiKTeX 2.9\tex\generic\oberdiek\ifpdf.s
ty"
Package: ifpdf 2016/05/14 v3.1 Provides the ifpdf switch
)
Package pdftexcmds Info: LuaTeX not detected.
Package pdftexcmds Info: \pdf@primitive is available.
Package pdftexcmds Info: \pdf@ifprimitive is available.
Package pdftexcmds Info: \pdfdraftmode found.
)
("C:\Users\mikeh\AppData\Local\Programs\MiKTeX 2.9\tex\latex\oberdiek\epstopdf-
base.sty"
Package: epstopdf-base 2016/05/15 v2.6 Base part for package epstopdf

("C:\Users\mikeh\AppData\Local\Programs\MiKTeX 2.9\tex\latex\oberdiek\grfext.st
y"
Package: grfext 2016/05/16 v1.2 Manage graphics extensions (HO)

("C:\Users\mikeh\AppData\Local\Programs\MiKTeX 2.9\tex\generic\oberdiek\kvdefin
ekeys.sty"
Package: kvdefinekeys 2016/05/16 v1.4 Define keys (HO)
))
("C:\Users\mikeh\AppData\Local\Programs\MiKTeX 2.9\tex\latex\oberdiek\kvoptions
.sty"
Package: kvoptions 2016/05/16 v3.12 Key value format for package options (HO)

("C:\Users\mikeh\AppData\Local\Programs\MiKTeX 2.9\tex\generic\oberdiek\kvsetke
ys.sty"
Package: kvsetkeys 2016/05/16 v1.17 Key value parser (HO)

("C:\Users\mikeh\AppData\Local\Programs\MiKTeX 2.9\tex\generic\oberdiek\etexcmd
s.sty"
Package: etexcmds 2016/05/16 v1.6 Avoid name clashes with e-TeX commands (HO)
Package etexcmds Info: Could not find \expanded.
(etexcmds)             That can mean that you are not using pdfTeX 1.50 or
(etexcmds)             that some package has redefined \expanded.
(etexcmds)             In the latter case, load this package earlier.
)))
Package epstopdf-base Info: Redefining graphics rule for `.eps' on input line 4
38.
Package grfext Info: Graphics extension search list:
(grfext)             [.png,.pdf,.jpg,.mps,.jpeg,.jbig2,.jb2,.PNG,.PDF,.JPG,.JPE
G,.JBIG2,.JB2,.eps]
(grfext)             \AppendGraphicsExtensions on input line 456.
)
Package caption Info: Begin \AtBeginDocument code.
Package caption Info: subfig package v1.3 is loaded.
Package caption Info: End \AtBeginDocument code.
LaTeX Font Info:    Try loading font information for T1+cmss on input line 57.

("C:\Users\mikeh\AppData\Local\Programs\MiKTeX 2.9\tex\latex\base\t1cmss.fd"
File: t1cmss.fd 2014/09/29 v2.5h Standard LaTeX font definitions
)
LaTeX Font Info:    Try loading font information for FML+futmi on input line 57
.

("C:\Users\mikeh\AppData\Local\Programs\MiKTeX 2.9\tex\latex\fourier\fmlfutmi.f
d"
File: fmlfutmi.fd 2004/10/30 Fontinst v1.926 font definitions for FML/futmi.
)
LaTeX Font Info:    Font shape `FMX/futm/m/n' will be
(Font)              scaled to size 13.24796pt on input line 57.
LaTeX Font Info:    Font shape `FMX/futm/m/n' will be
(Font)              scaled to size 9.19998pt on input line 57.
LaTeX Font Info:    Font shape `FMX/futm/m/n' will be
(Font)              scaled to size 7.35999pt on input line 57.
LaTeX Font Info:    Font shape `U/futm/m/n' will be
(Font)              scaled to size 13.24796pt on input line 57.
LaTeX Font Info:    Font shape `U/futm/m/n' will be
(Font)              scaled to size 9.19998pt on input line 57.
LaTeX Font Info:    Font shape `U/futm/m/n' will be
(Font)              scaled to size 7.35999pt on input line 57.
LaTeX Font Info:    Try loading font information for U+msa on input line 57.

("C:\Users\mikeh\AppData\Local\Programs\MiKTeX 2.9\tex\latex\amsfonts\umsa.fd"
File: umsa.fd 2013/01/14 v3.01 AMS symbols A
)
LaTeX Font Info:    Try loading font information for U+msb on input line 57.
("C:\Users\mikeh\AppData\Local\Programs\MiKTeX 2.9\tex\latex\amsfonts\umsb.fd"
File: umsb.fd 2013/01/14 v3.01 AMS symbols B
)

Class scrartcl Warning: incompatible usage of \@ssect detected.
(scrartcl)              You've used the KOMA-Script implementation of \@ssect
(scrartcl)              from within a non compatible caller, that does not
(scrartcl)              \scr@s@ct@@nn@m@ locally.
(scrartcl)              This could result in several error messages on input li
ne 63.

LaTeX Font Info:    Try loading font information for T1+cmtt on input line 75.
("C:\Users\mikeh\AppData\Local\Programs\MiKTeX 2.9\tex\latex\base\t1cmtt.fd"
File: t1cmtt.fd 2014/09/29 v2.5h Standard LaTeX font definitions
)
Overfull \hbox (4.28914pt too wide) in paragraph at lines 75--75
\T1/futs/m/sc/10.95 clas-si-fi-ca-tion. We specif-i-cally tested Prin-ci-pal Co
m-po-nent Anal-y-sis (PCA) and Min-
 []

LaTeX Font Info:    Font shape `FMX/futm/m/n' will be
(Font)              scaled to size 10.07397pt on input line 84.
LaTeX Font Info:    Font shape `FMX/futm/m/n' will be
(Font)              scaled to size 7.63599pt on input line 84.
LaTeX Font Info:    Font shape `FMX/futm/m/n' will be
(Font)              scaled to size 5.51999pt on input line 84.
LaTeX Font Info:    Font shape `U/futm/m/n' will be
(Font)              scaled to size 10.07397pt on input line 84.
LaTeX Font Info:    Font shape `U/futm/m/n' will be
(Font)              scaled to size 7.63599pt on input line 84.
LaTeX Font Info:    Font shape `U/futm/m/n' will be
(Font)              scaled to size 5.51999pt on input line 84.

LaTeX Warning: `h' float specifier changed to `ht'.

<timing.png, id=1, 435.87843pt x 283.81032pt>
File: timing.png Graphic file (type png)
 <use timing.png>
Package pdftex.def Info: timing.png used on input line 104.
(pdftex.def)             Requested size: 334.60571pt x 217.86769pt.


LaTeX Warning: `h' float specifier changed to `ht'.

[1


{C:/Users/mikeh/AppData/Local/MiKTeX/2.9/pdftex/config/pdftex.map}]
<accuracy2.png, id=8, 435.87843pt x 283.81032pt>
File: accuracy2.png Graphic file (type png)
 <use accuracy2.png>
Package pdftex.def Info: accuracy2.png used on input line 113.
(pdftex.def)             Requested size: 334.60571pt x 217.86769pt.


LaTeX Warning: `h' float specifier changed to `ht'.

[2] [3 <./timing.png> <./accuracy2.png (PNG copy)>]
<prenorm.png, id=16, 435.87843pt x 283.81032pt>
File: prenorm.png Graphic file (type png)
 <use prenorm.png>
Package pdftex.def Info: prenorm.png used on input line 131.
(pdftex.def)             Requested size: 204.94751pt x 133.44283pt.

<postnorm.png, id=17, 435.87843pt x 283.81032pt>
File: postnorm.png Graphic file (type png)
 <use postnorm.png>
Package pdftex.def Info: postnorm.png used on input line 136.
(pdftex.def)             Requested size: 204.94751pt x 133.44283pt.

Overfull \hbox (0.706pt too wide) in paragraph at lines 131--137
 [][][] 
 []

<cipher9.png, id=18, 648.17157pt x 400.49625pt>
File: cipher9.png Graphic file (type png)
 <use cipher9.png>
Package pdftex.def Info: cipher9.png used on input line 156.
(pdftex.def)             Requested size: 204.94751pt x 126.63364pt.

<cipher10.png, id=19, 648.17157pt x 400.49625pt>
File: cipher10.png Graphic file (type png)
 <use cipher10.png>
Package pdftex.def Info: cipher10.png used on input line 161.
(pdftex.def)             Requested size: 204.94751pt x 126.63364pt.

Overfull \hbox (0.706pt too wide) in paragraph at lines 156--161
 [][][] 
 []

<cipher1.png, id=20, 648.17157pt x 400.49625pt>
File: cipher1.png Graphic file (type png)
 <use cipher1.png>
Package pdftex.def Info: cipher1.png used on input line 172.
(pdftex.def)             Requested size: 204.94751pt x 126.63364pt.

<cipher2.png, id=21, 648.17157pt x 400.49625pt>
File: cipher2.png Graphic file (type png)
 <use cipher2.png>
Package pdftex.def Info: cipher2.png used on input line 177.
(pdftex.def)             Requested size: 204.94751pt x 126.63364pt.

Overfull \hbox (0.706pt too wide) in paragraph at lines 172--177
 [][][] 
 []

<cipher3.png, id=22, 648.17157pt x 400.49625pt>
File: cipher3.png Graphic file (type png)
 <use cipher3.png>
Package pdftex.def Info: cipher3.png used on input line 182.
(pdftex.def)             Requested size: 204.94751pt x 126.63364pt.

<cipher4.png, id=23, 648.17157pt x 400.49625pt>
File: cipher4.png Graphic file (type png)
 <use cipher4.png>
Package pdftex.def Info: cipher4.png used on input line 187.
(pdftex.def)             Requested size: 204.94751pt x 126.63364pt.

Overfull \hbox (0.706pt too wide) in paragraph at lines 182--187
 [][][] 
 []

<cipher5.png, id=24, 648.17157pt x 400.49625pt>
File: cipher5.png Graphic file (type png)
 <use cipher5.png>
Package pdftex.def Info: cipher5.png used on input line 192.
(pdftex.def)             Requested size: 204.94751pt x 126.63364pt.

<cipher6.png, id=25, 648.17157pt x 400.49625pt>
File: cipher6.png Graphic file (type png)
 <use cipher6.png>
Package pdftex.def Info: cipher6.png used on input line 197.
(pdftex.def)             Requested size: 204.94751pt x 126.63364pt.

Overfull \hbox (0.706pt too wide) in paragraph at lines 192--197
 [][][] 
 []

<cipher7.png, id=26, 648.17157pt x 400.49625pt>
File: cipher7.png Graphic file (type png)
 <use cipher7.png>
Package pdftex.def Info: cipher7.png used on input line 202.
(pdftex.def)             Requested size: 204.94751pt x 126.63364pt.

<cipher8.png, id=27, 648.17157pt x 400.49625pt>
File: cipher8.png Graphic file (type png)
 <use cipher8.png>
Package pdftex.def Info: cipher8.png used on input line 207.
(pdftex.def)             Requested size: 204.94751pt x 126.63364pt.

Overfull \hbox (0.706pt too wide) in paragraph at lines 202--208
 [][][] 
 []


LaTeX Warning: Float too large for page by 37.33427pt on input line 210.


LaTeX Warning: `h' float specifier changed to `ht'.

[4

 <./prenorm.png (PNG copy)> <./postnorm.png (PNG copy)> <./cipher9.png> <./ciph
er10.png>] [5 <./cipher1.png> <./cipher2.png> <./cipher3.png> <./cipher4.png> <
./cipher5.png> <./cipher6.png> <./cipher7.png> <./cipher8.png>]
<eigen1.png, id=44, 648.17157pt x 400.49625pt>
File: eigen1.png Graphic file (type png)
 <use eigen1.png>
Package pdftex.def Info: eigen1.png used on input line 225.
(pdftex.def)             Requested size: 204.94751pt x 126.63364pt.

<eigen2.png, id=45, 648.17157pt x 400.49625pt>
File: eigen2.png Graphic file (type png)
 <use eigen2.png>
Package pdftex.def Info: eigen2.png used on input line 230.
(pdftex.def)             Requested size: 204.94751pt x 126.63364pt.

Overfull \hbox (0.706pt too wide) in paragraph at lines 225--230
 [][][] 
 []

<eigen3.png, id=46, 648.17157pt x 400.49625pt>
File: eigen3.png Graphic file (type png)
 <use eigen3.png>
Package pdftex.def Info: eigen3.png used on input line 235.
(pdftex.def)             Requested size: 204.94751pt x 126.63364pt.

<eigen4.png, id=47, 648.17157pt x 400.49625pt>
File: eigen4.png Graphic file (type png)
 <use eigen4.png>
Package pdftex.def Info: eigen4.png used on input line 240.
(pdftex.def)             Requested size: 204.94751pt x 126.63364pt.

Overfull \hbox (0.706pt too wide) in paragraph at lines 235--240
 [][][] 
 []

<eigen5.png, id=48, 648.17157pt x 400.49625pt>
File: eigen5.png Graphic file (type png)
 <use eigen5.png>
Package pdftex.def Info: eigen5.png used on input line 250.
(pdftex.def)             Requested size: 204.94751pt x 126.63364pt.

<eigen6.png, id=49, 648.17157pt x 400.49625pt>
File: eigen6.png Graphic file (type png)
 <use eigen6.png>
Package pdftex.def Info: eigen6.png used on input line 255.
(pdftex.def)             Requested size: 204.94751pt x 126.63364pt.

Overfull \hbox (0.706pt too wide) in paragraph at lines 250--255
 [][][] 
 []

<eigen7.png, id=50, 648.17157pt x 400.49625pt>
File: eigen7.png Graphic file (type png)
 <use eigen7.png>
Package pdftex.def Info: eigen7.png used on input line 260.
(pdftex.def)             Requested size: 204.94751pt x 126.63364pt.

<eigen8.png, id=51, 648.17157pt x 400.49625pt>
File: eigen8.png Graphic file (type png)
 <use eigen8.png>
Package pdftex.def Info: eigen8.png used on input line 265.
(pdftex.def)             Requested size: 204.94751pt x 126.63364pt.

Overfull \hbox (0.706pt too wide) in paragraph at lines 260--265
 [][][] 
 []

<eigen9.png, id=52, 648.17157pt x 400.49625pt>
File: eigen9.png Graphic file (type png)
 <use eigen9.png>
Package pdftex.def Info: eigen9.png used on input line 270.
(pdftex.def)             Requested size: 204.94751pt x 126.63364pt.

<eigen10.png, id=53, 648.17157pt x 400.49625pt>
File: eigen10.png Graphic file (type png)
 <use eigen10.png>
Package pdftex.def Info: eigen10.png used on input line 275.
(pdftex.def)             Requested size: 204.94751pt x 126.63364pt.

Overfull \hbox (0.706pt too wide) in paragraph at lines 270--276
 [][][] 
 []


LaTeX Warning: `h' float specifier changed to `ht'.

[6

 <./eigen1.png> <./eigen2.png> <./eigen3.png> <./eigen4.png>] [7 <./eigen5.png>
 <./eigen6.png> <./eigen7.png> <./eigen8.png> <./eigen9.png> <./eigen10.png>] <
recon1.png, id=71, 648.17157pt x 400.49625pt>
File: recon1.png Graphic file (type png)
 <use recon1.png>
Package pdftex.def Info: recon1.png used on input line 286.
(pdftex.def)             Requested size: 204.94751pt x 126.63364pt.

Underfull \hbox (badness 10000) in paragraph at lines 295--297

 []

[8

 <./recon1.png>] <recon80.png, id=76, 648.17157pt x 400.49625pt>
File: recon80.png Graphic file (type png)

<use recon80.png>
Package pdftex.def Info: recon80.png used on input line 304.
(pdftex.def)             Requested size: 204.94751pt x 126.63364pt.
 <recon90.png, id=77, 648.17157pt x 400.49625pt>
File: recon90.png Graphic file (type png)

<use recon90.png>
Package pdftex.def Info: recon90.png used on input line 309.
(pdftex.def)             Requested size: 204.94751pt x 126.63364pt.

Overfull \hbox (0.706pt too wide) in paragraph at lines 304--309
 [][][] 
 []

<recon95.png, id=78, 648.17157pt x 400.49625pt>
File: recon95.png Graphic file (type png)
 <use recon95.png>
Package pdftex.def Info: recon95.png used on input line 314.
(pdftex.def)             Requested size: 204.94751pt x 126.63364pt.

Overfull \hbox (81.69722pt too wide) in paragraph at lines 321--327
[][] 
 []

[9

 <./recon80.png> <./recon90.png> <./recon95.png>]
<10score1.png, id=85, 648.17157pt x 400.49625pt>
File: 10score1.png Graphic file (type png)
 <use 10score1.png>
Package pdftex.def Info: 10score1.png used on input line 336.
(pdftex.def)             Requested size: 204.94751pt x 126.63364pt.

<10score2.png, id=86, 648.17157pt x 400.49625pt>
File: 10score2.png Graphic file (type png)
 <use 10score2.png>
Package pdftex.def Info: 10score2.png used on input line 341.
(pdftex.def)             Requested size: 204.94751pt x 126.63364pt.

Overfull \hbox (0.706pt too wide) in paragraph at lines 336--342
 [][][] 
 []

[10

 <./10score1.png> <./10score2.png>] (report2.aux)

LaTeX Warning: There were multiply-defined labels.

 ) 
Here is how much of TeX's memory you used:
 8708 strings out of 493333
 140308 string characters out of 3130143
 390736 words of memory out of 3000000
 12048 multiletter control sequences out of 15000+200000
 91648 words of font info for 94 fonts, out of 3000000 for 9000
 1141 hyphenation exceptions out of 8191
 50i,10n,54p,8841b,405s stack positions out of 5000i,500n,10000p,200000b,50000s
 <C:\Users\mikeh\AppData\Local\MiKTeX\2.9\fonts\pk\ljfour\jknappen\ec\dpi600\
ectc1095.pk>{C:/Users/mikeh/AppData/Local/Programs/MiKTeX 2.9/fonts/enc/dvips/b
ase/8r.enc}<C:/Users/mikeh/AppData/Local/Programs/MiKTeX 2.9/fonts/type1/adobe/
utopia/putr8a.pfb>
Output written on report2.pdf (10 pages, 185672 bytes).
PDF statistics:
 111 PDF objects out of 1000 (max. 8388607)
 0 named destinations out of 1000 (max. 500000)
 151 words of extra memory for PDF output out of 10000 (max. 10000000)

